#
# A fatal error has been detected by the Java Runtime Environment:
#
#  SIGSEGV (0xb) at pc=0x00000001066232be, pid=5569, tid=16899
#
# JRE version: Java(TM) SE Runtime Environment (8.0_25-b17) (build 1.8.0_25-b17)
# Java VM: Java HotSpot(TM) 64-Bit Server VM (25.25-b02 mixed mode bsd-amd64 compressed oops)
# Problematic frame:
# V  [libjvm.dylib+0x4232be]
#
# Failed to write core dump. Core dumps have been disabled. To enable core dumping, try "ulimit -c unlimited" before starting Java again
#
# If you would like to submit a bug report, please visit:
#   http://bugreport.sun.com/bugreport/crash.jsp
#

---------------  T H R E A D  ---------------

Current thread (0x00007fc73a022000):  JavaThread "JDWP Transport Listener: dt_socket" daemon [_thread_in_vm, id=16899, stack(0x0000700000ab8000,0x0000700000bb8000)]

siginfo: si_signo: 11 (SIGSEGV), si_code: 0 (unknown), si_addr: 0x0000000000000000

Registers:
RAX=0x0000000000000001, RBX=0x6163206563616672, RCX=0x00000001069d6c80, RDX=0x0000700000bb7a8b
RSP=0x0000700000bb79d0, RBP=0x0000700000bb79e0, RSI=0x00007fc73a022000, RDI=0x00007fc739850004
R8 =0x0000000000000000, R9 =0x00007fc738d2f3b0, R10=0x00000000a6e46903, R11=0x00007fc738d00000
R12=0x00007fc73a022000, R13=0x00007fc739850004, R14=0x00007fc739850004, R15=0x00007fc738c01e00
RIP=0x00000001066232be, EFLAGS=0x0000000000010212, ERR=0x0000000000000000
  TRAPNO=0x000000000000000d

Top of Stack: (sp=0x0000700000bb79d0)
0x0000700000bb79d0:   0000700000bb7a8b 0000700000bb7a8b
0x0000700000bb79e0:   0000700000bb7a40 000000010653526e
0x0000700000bb79f0:   00007fc73a022000 0000000000000000
0x0000700000bb7a00:   0000000000000000 0000000000000000
0x0000700000bb7a10:   00007fc73a022000 00007fc73a022000
0x0000700000bb7a20:   0000700000bb7a8b 0000700000bb7a90
0x0000700000bb7a30:   00007fc739850004 0000000000000002
0x0000700000bb7a40:   0000700000bb7a60 00000001059d37dc
0x0000700000bb7a50:   0000000000000001 0000700000bb7b08
0x0000700000bb7a60:   0000700000bb7ad0 00000001059b8263
0x0000700000bb7a70:   0000700000bb7aa0 00007fc738d11b00
0x0000700000bb7a80:   0000000400000032 0000000900bb7b08
0x0000700000bb7a90:   0000000000000000 0000000000000000
0x0000700000bb7aa0:   0000000000000000 0000700000bb7c90
0x0000700000bb7ab0:   00000001059daeca 00007fc738d30680
0x0000700000bb7ac0:   0000700000bb7b08 00000001059e6588
0x0000700000bb7ad0:   0000700000bb7ae0 00000001059b835c
0x0000700000bb7ae0:   0000700000bb7d00 00000001059c18f6
0x0000700000bb7af0:   0000026d00000013 00000000000f0200
0x0000700000bb7b00:   00007fc738d31060 0000700000bb7c06
0x0000700000bb7b10:   00007fc70000007e 0000700000bb7b20
0x0000700000bb7b20:   00000000000000ae 0000700000bb7b58
0x0000700000bb7b30:   0000000000000000 0000000000000000
0x0000700000bb7b40:   0000026d0000000f 00007fff0000dc80
0x0000700000bb7b50:   0000700000bb7b58 c77f000004000000
0x0000700000bb7b60:   0b00000098dcd238 7551646e6f636573
0x0000700000bb7b70:   2817000000797265 76616a4c49494949
0x0000700000bb7b80:   4c2f6c6974752f61 000056293b747369
0x0000700000bb7b90:   4c49494949283e00 6974752f6176616a
0x0000700000bb7ba0:   4c3c7473694c2f6c 6974752f6176616a
0x0000700000bb7bb0:   4c3c7473694c2f6c 6e616c2f6176616a
0x0000700000bb7bc0:   656765746e492f67 56293b3e3b3e3b72 

Instructions: (pc=0x00000001066232be)
0x000000010662329e:   31 c0 5d c3 55 48 89 e5 53 48 83 ec 08 48 85 ff
0x00000001066232ae:   74 24 48 8b 1f 48 85 db 74 1c 48 83 fb 37 74 16
0x00000001066232be:   48 8b 03 48 89 df ff 50 10 84 c0 b8 00 00 00 00
0x00000001066232ce:   48 0f 45 c3 eb 02 31 c0 48 83 c4 08 5b 5d c3 90 

Register to memory mapping:

RAX=0x0000000000000001 is an unknown value
RBX=0x6163206563616672 is an unknown value
RCX=0x00000001069d6c80: UseMembar+0 in /Library/Java/JavaVirtualMachines/jdk1.8.0_25.jdk/Contents/Home/jre/lib/server/libjvm.dylib at 0x0000000106200000
RDX=0x0000700000bb7a8b is pointing into the stack for thread: 0x00007fc73a022000
RSP=0x0000700000bb79d0 is pointing into the stack for thread: 0x00007fc73a022000
RBP=0x0000700000bb79e0 is pointing into the stack for thread: 0x00007fc73a022000
RSI=0x00007fc73a022000 is a thread
RDI=0x00007fc739850004 is an unknown value
R8 =0x0000000000000000 is an unknown value
R9 =0x00007fc738d2f3b0 is an unknown value
R10=0x00000000a6e46903 is an unknown value
R11=0x00007fc738d00000 is an unknown value
R12=0x00007fc73a022000 is a thread
R13=0x00007fc739850004 is an unknown value
R14=0x00007fc739850004 is an unknown value
R15=0x00007fc738c01e00 is an unknown value


Stack: [0x0000700000ab8000,0x0000700000bb8000],  sp=0x0000700000bb79d0,  free space=1022k
Native frames: (J=compiled Java code, j=interpreted, Vv=VM code, C=native code)
V  [libjvm.dylib+0x4232be]
V  [libjvm.dylib+0x33526e]
C  [libjdwp.dylib+0x207dc]  isMethodSynthetic+0x63
C  [libjdwp.dylib+0x5263]  methods1+0x10b
C  [libjdwp.dylib+0x535c]  methodsWithGeneric+0xe
C  [libjdwp.dylib+0xe8f6]  debugLoop_run+0x1ce
C  [libjdwp.dylib+0x1f716]  attachThread+0x4d
V  [libjvm.dylib+0x3762ce]
V  [libjvm.dylib+0x535ed9]
V  [libjvm.dylib+0x53761c]
V  [libjvm.dylib+0x45d87e]
C  [libsystem_pthread.dylib+0x399d]  _pthread_body+0x83
C  [libsystem_pthread.dylib+0x391a]  _pthread_body+0x0
C  [libsystem_pthread.dylib+0x1351]  thread_start+0xd
C  0x0000000000000000


---------------  P R O C E S S  ---------------

Java Threads: ( => current thread )
  0x00007fc73a033800 JavaThread "Service Thread" daemon [_thread_blocked, id=19971, stack(0x00007000010ca000,0x00007000011ca000)]
  0x00007fc739822800 JavaThread "C1 CompilerThread2" daemon [_thread_blocked, id=19459, stack(0x0000700000fc7000,0x00007000010c7000)]
  0x00007fc73a868800 JavaThread "C2 CompilerThread1" daemon [_thread_blocked, id=18947, stack(0x0000700000ec4000,0x0000700000fc4000)]
  0x00007fc73a849000 JavaThread "C2 CompilerThread0" daemon [_thread_blocked, id=18435, stack(0x0000700000dc1000,0x0000700000ec1000)]
  0x00007fc73a023000 JavaThread "JDWP Command Reader" daemon [_thread_in_native, id=17923, stack(0x0000700000cbe000,0x0000700000dbe000)]
  0x00007fc73a848800 JavaThread "JDWP Event Helper Thread" daemon [_thread_blocked, id=17411, stack(0x0000700000bbb000,0x0000700000cbb000)]
=>0x00007fc73a022000 JavaThread "JDWP Transport Listener: dt_socket" daemon [_thread_in_vm, id=16899, stack(0x0000700000ab8000,0x0000700000bb8000)]
  0x00007fc739008000 JavaThread "Signal Dispatcher" daemon [_thread_blocked, id=13839, stack(0x00007000009b5000,0x0000700000ab5000)]
  0x00007fc73a801000 JavaThread "Finalizer" daemon [_thread_blocked, id=12291, stack(0x000070000082f000,0x000070000092f000)]
  0x00007fc739818000 JavaThread "Reference Handler" daemon [_thread_blocked, id=11779, stack(0x000070000072c000,0x000070000082c000)]
  0x00007fc73a001000 JavaThread "main" [_thread_in_native, id=5891, stack(0x000070000011a000,0x000070000021a000)]

Other Threads:
  0x00007fc739813800 VMThread [stack: 0x0000700000629000,0x0000700000729000] [id=11267]
  0x00007fc73a84a000 WatcherThread [stack: 0x00007000011cd000,0x00007000012cd000] [id=20483]

VM state:not at safepoint (normal execution)

VM Mutex/Monitor currently owned by a thread: None

Heap:
 PSYoungGen      total 38400K, used 3344K [0x0000000795580000, 0x0000000798000000, 0x00000007c0000000)
  eden space 33280K, 10% used [0x0000000795580000,0x00000007958c40d8,0x0000000797600000)
  from space 5120K, 0% used [0x0000000797b00000,0x0000000797b00000,0x0000000798000000)
  to   space 5120K, 0% used [0x0000000797600000,0x0000000797600000,0x0000000797b00000)
 ParOldGen       total 87552K, used 0K [0x0000000740000000, 0x0000000745580000, 0x0000000795580000)
  object space 87552K, 0% used [0x0000000740000000,0x0000000740000000,0x0000000745580000)
 Metaspace       used 3501K, capacity 4570K, committed 4864K, reserved 1056768K
  class space    used 391K, capacity 394K, committed 512K, reserved 1048576K

Card table byte_map: [0x00000001164f1000,0x00000001168f2000] byte_map_base: 0x0000000112af1000

Marking Bits: (ParMarkBitMap*) 0x0000000106a9d390
 Begin Bits: [0x0000000116b9d000, 0x0000000118b9d000)
 End Bits:   [0x0000000118b9d000, 0x000000011ab9d000)

Polling page: 0x000000010529a000

CodeCache: size=245760Kb used=1239Kb max_used=1239Kb free=244520Kb
 bounds [0x0000000107131000, 0x00000001073a1000, 0x0000000116131000]
 total_blobs=329 nmethods=92 adapters=160
 compilation: enabled

Compilation events (10 events):
Event: 0.667 Thread 0x00007fc739822800   88       3       java.util.regex.Pattern::peek (26 bytes)
Event: 0.667 Thread 0x00007fc739822800 nmethod 88 0x0000000107265750 code [0x00000001072658e0, 0x0000000107265ba8]
Event: 0.667 Thread 0x00007fc739822800   89       3       java.lang.Character::isBmpCodePoint (13 bytes)
Event: 0.667 Thread 0x00007fc739822800 nmethod 89 0x0000000107265cd0 code [0x0000000107265e40, 0x0000000107265fd0]
Event: 0.667 Thread 0x00007fc739822800   90       3       java.util.regex.Pattern::next (33 bytes)
Event: 0.668 Thread 0x00007fc739822800 nmethod 90 0x0000000107266050 code [0x00000001072661e0, 0x00000001072664a8]
Event: 0.668 Thread 0x00007fc739822800   92       3       java.lang.Math::max (11 bytes)
Event: 0.668 Thread 0x00007fc739822800 nmethod 92 0x00000001072665d0 code [0x0000000107266740, 0x00000001072668d0]
Event: 0.668 Thread 0x00007fc739822800   91       1       java.util.regex.Pattern::flags (5 bytes)
Event: 0.668 Thread 0x00007fc739822800 nmethod 91 0x0000000107266950 code [0x0000000107266aa0, 0x0000000107266bb0]

GC Heap History (0 events):
No events

Deoptimization events (0 events):
No events

Internal exceptions (9 events):
Event: 0.059 Thread 0x00007fc73a001000 Exception <a 'java/lang/NoSuchMethodError': Method sun.misc.Unsafe.defineClass(Ljava/lang/String;[BII)Ljava/lang/Class; name or signature does not match> (0x0000000795591fe0) thrown at [/HUDSON3/workspace/8-2-build-macosx-x86_64/jdk8u25/1514/hotspot/src/s
Event: 0.059 Thread 0x00007fc73a001000 Exception <a 'java/lang/NoSuchMethodError': Method sun.misc.Unsafe.prefetchRead(Ljava/lang/Object;J)V name or signature does not match> (0x0000000795592270) thrown at [/HUDSON3/workspace/8-2-build-macosx-x86_64/jdk8u25/1514/hotspot/src/share/vm/prims/jni.
Event: 0.445 Thread 0x00007fc73a001000 Exception <a 'java/security/PrivilegedActionException'> (0x000000079581ea50) thrown at [/HUDSON3/workspace/8-2-build-macosx-x86_64/jdk8u25/1514/hotspot/src/share/vm/prims/jvm.cpp, line 1312]
Event: 0.633 Thread 0x00007fc73a001000 Exception <a 'java/security/PrivilegedActionException'> (0x000000079586bab8) thrown at [/HUDSON3/workspace/8-2-build-macosx-x86_64/jdk8u25/1514/hotspot/src/share/vm/prims/jvm.cpp, line 1312]
Event: 0.633 Thread 0x00007fc73a001000 Exception <a 'java/security/PrivilegedActionException'> (0x000000079586be00) thrown at [/HUDSON3/workspace/8-2-build-macosx-x86_64/jdk8u25/1514/hotspot/src/share/vm/prims/jvm.cpp, line 1312]
Event: 0.633 Thread 0x00007fc73a001000 Exception <a 'java/security/PrivilegedActionException'> (0x000000079586f180) thrown at [/HUDSON3/workspace/8-2-build-macosx-x86_64/jdk8u25/1514/hotspot/src/share/vm/prims/jvm.cpp, line 1312]
Event: 0.634 Thread 0x00007fc73a001000 Exception <a 'java/security/PrivilegedActionException'> (0x000000079586f4c8) thrown at [/HUDSON3/workspace/8-2-build-macosx-x86_64/jdk8u25/1514/hotspot/src/share/vm/prims/jvm.cpp, line 1312]
Event: 0.651 Thread 0x00007fc73a001000 Exception <a 'java/security/PrivilegedActionException'> (0x0000000795883c30) thrown at [/HUDSON3/workspace/8-2-build-macosx-x86_64/jdk8u25/1514/hotspot/src/share/vm/prims/jvm.cpp, line 1312]
Event: 0.653 Thread 0x00007fc73a001000 Exception <a 'java/security/PrivilegedActionException'> (0x00000007958892a8) thrown at [/HUDSON3/workspace/8-2-build-macosx-x86_64/jdk8u25/1514/hotspot/src/share/vm/prims/jvm.cpp, line 1312]

Events (10 events):
Event: 28.140 Executing VM operation: ChangeBreakpoints
Event: 28.140 Executing VM operation: ChangeBreakpoints done
Event: 343.907 Executing VM operation: RedefineClasses
Event: 343.909 Executing VM operation: RedefineClasses done
Event: 27215.884 Executing VM operation: RedefineClasses
Event: 27215.889 Executing VM operation: RedefineClasses done
Event: 27239.941 Executing VM operation: RedefineClasses
Event: 27239.942 Executing VM operation: RedefineClasses done
Event: 27277.573 Executing VM operation: RedefineClasses
Event: 27277.574 Executing VM operation: RedefineClasses done


Dynamic libraries:
0x0000000008aaa000 	/System/Library/Frameworks/Cocoa.framework/Versions/A/Cocoa
0x0000000104e80000 	/System/Library/Frameworks/Security.framework/Versions/A/Security
0x0000000008aaa000 	/System/Library/Frameworks/ApplicationServices.framework/Versions/A/ApplicationServices
0x0000000008aaa000 	/usr/lib/libz.1.dylib
0x0000000008aaa000 	/usr/lib/libSystem.B.dylib
0x0000000008aaa000 	/usr/lib/libobjc.A.dylib
0x0000000008aaa000 	/System/Library/Frameworks/CoreFoundation.framework/Versions/A/CoreFoundation
0x0000000008aaa000 	/System/Library/Frameworks/Foundation.framework/Versions/C/Foundation
0x0000000008aaa000 	/System/Library/Frameworks/AppKit.framework/Versions/C/AppKit
0x0000000008aaa000 	/System/Library/Frameworks/CoreData.framework/Versions/A/CoreData
0x0000000008aaa000 	/System/Library/PrivateFrameworks/RemoteViewServices.framework/Versions/A/RemoteViewServices
0x0000000008aaa000 	/System/Library/PrivateFrameworks/UIFoundation.framework/Versions/A/UIFoundation
0x0000000008aaa000 	/usr/lib/libScreenReader.dylib
0x0000000008aaa000 	/System/Library/Frameworks/Accelerate.framework/Versions/A/Accelerate
0x0000000008aaa000 	/System/Library/Frameworks/IOSurface.framework/Versions/A/IOSurface
0x0000000008aaa000 	/System/Library/Frameworks/AudioToolbox.framework/Versions/A/AudioToolbox
0x0000000008aaa000 	/System/Library/Frameworks/AudioUnit.framework/Versions/A/AudioUnit
0x0000000008aaa000 	/System/Library/PrivateFrameworks/DataDetectorsCore.framework/Versions/A/DataDetectorsCore
0x0000000008aaa000 	/System/Library/PrivateFrameworks/DesktopServicesPriv.framework/Versions/A/DesktopServicesPriv
0x0000000008aaa000 	/System/Library/Frameworks/Carbon.framework/Versions/A/Frameworks/HIToolbox.framework/Versions/A/HIToolbox
0x0000000008aaa000 	/System/Library/Frameworks/QuartzCore.framework/Versions/A/QuartzCore
0x0000000008aaa000 	/System/Library/Frameworks/Carbon.framework/Versions/A/Frameworks/SpeechRecognition.framework/Versions/A/SpeechRecognition
0x0000000008aaa000 	/usr/lib/libauto.dylib
0x0000000008aaa000 	/usr/lib/libicucore.A.dylib
0x0000000008aaa000 	/usr/lib/libxml2.2.dylib
0x0000000008aaa000 	/System/Library/PrivateFrameworks/CoreUI.framework/Versions/A/CoreUI
0x0000000008aaa000 	/System/Library/Frameworks/CoreAudio.framework/Versions/A/CoreAudio
0x0000000008aaa000 	/System/Library/Frameworks/DiskArbitration.framework/Versions/A/DiskArbitration
0x0000000008aaa000 	/usr/lib/liblangid.dylib
0x0000000008aaa000 	/System/Library/PrivateFrameworks/MultitouchSupport.framework/Versions/A/MultitouchSupport
0x0000000008aaa000 	/System/Library/Frameworks/IOKit.framework/Versions/A/IOKit
0x0000000008aaa000 	/usr/lib/libDiagnosticMessagesClient.dylib
0x0000000008aaa000 	/System/Library/Frameworks/CoreServices.framework/Versions/A/CoreServices
0x0000000008aaa000 	/System/Library/PrivateFrameworks/PerformanceAnalysis.framework/Versions/A/PerformanceAnalysis
0x0000000008aaa000 	/System/Library/PrivateFrameworks/GenerationalStorage.framework/Versions/A/GenerationalStorage
0x0000000008aaa000 	/System/Library/Frameworks/OpenGL.framework/Versions/A/OpenGL
0x0000000008aaa000 	/System/Library/PrivateFrameworks/Sharing.framework/Versions/A/Sharing
0x0000000008aaa000 	/System/Library/Frameworks/CoreGraphics.framework/Versions/A/CoreGraphics
0x0000000008aaa000 	/System/Library/Frameworks/CoreImage.framework/Versions/A/CoreImage
0x0000000008aaa000 	/System/Library/Frameworks/CoreText.framework/Versions/A/CoreText
0x0000000008aaa000 	/System/Library/Frameworks/ImageIO.framework/Versions/A/ImageIO
0x0000000008aaa000 	/System/Library/PrivateFrameworks/Backup.framework/Versions/A/Backup
0x0000000008aaa000 	/usr/lib/libextension.dylib
0x0000000008aaa000 	/usr/lib/libarchive.2.dylib
0x000000010529b000 	/System/Library/Frameworks/CFNetwork.framework/Versions/A/CFNetwork
0x0000000008aaa000 	/System/Library/Frameworks/SystemConfiguration.framework/Versions/A/SystemConfiguration
0x0000000008aaa000 	/usr/lib/libCRFSuite.dylib
0x0000000008aaa000 	/usr/lib/libc++.1.dylib
0x0000000008aaa000 	/usr/lib/libc++abi.dylib
0x0000000008aaa000 	/usr/lib/system/libcache.dylib
0x0000000008aaa000 	/usr/lib/system/libcommonCrypto.dylib
0x0000000008aaa000 	/usr/lib/system/libcompiler_rt.dylib
0x0000000008aaa000 	/usr/lib/system/libcopyfile.dylib
0x0000000008aaa000 	/usr/lib/system/libcorecrypto.dylib
0x0000000008aaa000 	/usr/lib/system/libdispatch.dylib
0x0000000008aaa000 	/usr/lib/system/libdyld.dylib
0x0000000008aaa000 	/usr/lib/system/libkeymgr.dylib
0x0000000008aaa000 	/usr/lib/system/liblaunch.dylib
0x0000000008aaa000 	/usr/lib/system/libmacho.dylib
0x0000000008aaa000 	/usr/lib/system/libquarantine.dylib
0x0000000008aaa000 	/usr/lib/system/libremovefile.dylib
0x0000000008aaa000 	/usr/lib/system/libsystem_asl.dylib
0x0000000008aaa000 	/usr/lib/system/libsystem_blocks.dylib
0x0000000008aaa000 	/usr/lib/system/libsystem_c.dylib
0x0000000008aaa000 	/usr/lib/system/libsystem_configuration.dylib
0x0000000008aaa000 	/usr/lib/system/libsystem_coreservices.dylib
0x0000000008aaa000 	/usr/lib/system/libsystem_coretls.dylib
0x0000000008aaa000 	/usr/lib/system/libsystem_dnssd.dylib
0x0000000008aaa000 	/usr/lib/system/libsystem_info.dylib
0x0000000008aaa000 	/usr/lib/system/libsystem_kernel.dylib
0x0000000008aaa000 	/usr/lib/system/libsystem_m.dylib
0x0000000008aaa000 	/usr/lib/system/libsystem_malloc.dylib
0x0000000008aaa000 	/usr/lib/system/libsystem_network.dylib
0x0000000008aaa000 	/usr/lib/system/libsystem_networkextension.dylib
0x0000000008aaa000 	/usr/lib/system/libsystem_notify.dylib
0x0000000008aaa000 	/usr/lib/system/libsystem_platform.dylib
0x0000000008aaa000 	/usr/lib/system/libsystem_pthread.dylib
0x0000000008aaa000 	/usr/lib/system/libsystem_sandbox.dylib
0x0000000008aaa000 	/usr/lib/system/libsystem_secinit.dylib
0x0000000008aaa000 	/usr/lib/system/libsystem_trace.dylib
0x0000000008aaa000 	/usr/lib/system/libunc.dylib
0x0000000008aaa000 	/usr/lib/system/libunwind.dylib
0x0000000008aaa000 	/usr/lib/system/libxpc.dylib
0x0000000008aaa000 	/usr/lib/libenergytrace.dylib
0x0000000008aaa000 	/usr/lib/libbsm.0.dylib
0x0000000008aaa000 	/usr/lib/system/libkxld.dylib
0x0000000008aaa000 	/usr/lib/libxar.1.dylib
0x0000000008aaa000 	/usr/lib/libsqlite3.dylib
0x0000000008aaa000 	/usr/lib/libpam.2.dylib
0x0000000008aaa000 	/usr/lib/libOpenScriptingUtil.dylib
0x0000000008aaa000 	/usr/lib/libbz2.1.0.dylib
0x0000000008aaa000 	/usr/lib/liblzma.5.dylib
0x0000000008aaa000 	/System/Library/Frameworks/CoreServices.framework/Versions/A/Frameworks/FSEvents.framework/Versions/A/FSEvents
0x0000000008aaa000 	/System/Library/Frameworks/CoreServices.framework/Versions/A/Frameworks/CarbonCore.framework/Versions/A/CarbonCore
0x0000000008aaa000 	/System/Library/Frameworks/CoreServices.framework/Versions/A/Frameworks/Metadata.framework/Versions/A/Metadata
0x0000000008aaa000 	/System/Library/Frameworks/CoreServices.framework/Versions/A/Frameworks/OSServices.framework/Versions/A/OSServices
0x0000000008aaa000 	/System/Library/Frameworks/CoreServices.framework/Versions/A/Frameworks/SearchKit.framework/Versions/A/SearchKit
0x0000000008aaa000 	/System/Library/Frameworks/CoreServices.framework/Versions/A/Frameworks/AE.framework/Versions/A/AE
0x0000000008aaa000 	/System/Library/Frameworks/CoreServices.framework/Versions/A/Frameworks/LaunchServices.framework/Versions/A/LaunchServices
0x0000000008aaa000 	/System/Library/Frameworks/CoreServices.framework/Versions/A/Frameworks/DictionaryServices.framework/Versions/A/DictionaryServices
0x0000000008aaa000 	/System/Library/Frameworks/CoreServices.framework/Versions/A/Frameworks/SharedFileList.framework/Versions/A/SharedFileList
0x0000000008aaa000 	/System/Library/Frameworks/NetFS.framework/Versions/A/NetFS
0x0000000008aaa000 	/System/Library/PrivateFrameworks/NetAuth.framework/Versions/A/NetAuth
0x0000000008aaa000 	/System/Library/PrivateFrameworks/login.framework/Versions/A/Frameworks/loginsupport.framework/Versions/A/loginsupport
0x0000000008aaa000 	/System/Library/PrivateFrameworks/TCC.framework/Versions/A/TCC
0x0000000008aaa000 	/usr/lib/libmecabra.dylib
0x0000000008aaa000 	/System/Library/Frameworks/ApplicationServices.framework/Versions/A/Frameworks/ATS.framework/Versions/A/ATS
0x0000000008aaa000 	/System/Library/Frameworks/ApplicationServices.framework/Versions/A/Frameworks/ColorSync.framework/Versions/A/ColorSync
0x0000000008aaa000 	/System/Library/Frameworks/ApplicationServices.framework/Versions/A/Frameworks/HIServices.framework/Versions/A/HIServices
0x0000000008aaa000 	/System/Library/Frameworks/ApplicationServices.framework/Versions/A/Frameworks/LangAnalysis.framework/Versions/A/LangAnalysis
0x0000000008aaa000 	/System/Library/Frameworks/ApplicationServices.framework/Versions/A/Frameworks/PrintCore.framework/Versions/A/PrintCore
0x0000000008aaa000 	/System/Library/Frameworks/ApplicationServices.framework/Versions/A/Frameworks/QD.framework/Versions/A/QD
0x0000000008aaa000 	/System/Library/Frameworks/ApplicationServices.framework/Versions/A/Frameworks/SpeechSynthesis.framework/Versions/A/SpeechSynthesis
0x0000000008aaa000 	/System/Library/Frameworks/Metal.framework/Versions/A/Metal
0x0000000008aaa000 	/System/Library/Frameworks/Accelerate.framework/Versions/A/Frameworks/vImage.framework/Versions/A/vImage
0x0000000008aaa000 	/System/Library/Frameworks/Accelerate.framework/Versions/A/Frameworks/vecLib.framework/Versions/A/vecLib
0x0000000008aaa000 	/System/Library/Frameworks/Accelerate.framework/Versions/A/Frameworks/vecLib.framework/Versions/A/libvDSP.dylib
0x0000000008aaa000 	/System/Library/Frameworks/Accelerate.framework/Versions/A/Frameworks/vecLib.framework/Versions/A/libvMisc.dylib
0x0000000008aaa000 	/System/Library/Frameworks/Accelerate.framework/Versions/A/Frameworks/vecLib.framework/Versions/A/libLAPACK.dylib
0x0000000008aaa000 	/System/Library/Frameworks/Accelerate.framework/Versions/A/Frameworks/vecLib.framework/Versions/A/libBLAS.dylib
0x0000000008aaa000 	/System/Library/Frameworks/Accelerate.framework/Versions/A/Frameworks/vecLib.framework/Versions/A/libLinearAlgebra.dylib
0x0000000008aaa000 	/System/Library/Frameworks/Accelerate.framework/Versions/A/Frameworks/vecLib.framework/Versions/A/libSparseBLAS.dylib
0x0000000008aaa000 	/System/Library/PrivateFrameworks/GPUCompiler.framework/libmetal_timestamp.dylib
0x0000000008aaa000 	/System/Library/Frameworks/OpenGL.framework/Versions/A/Libraries/libCoreFSCache.dylib
0x0000000008aaa000 	/System/Library/PrivateFrameworks/IOAccelerator.framework/Versions/A/IOAccelerator
0x0000000008aaa000 	/System/Library/Frameworks/ApplicationServices.framework/Versions/A/Frameworks/ATS.framework/Versions/A/Resources/libFontParser.dylib
0x0000000008aaa000 	/System/Library/Frameworks/ApplicationServices.framework/Versions/A/Frameworks/ATS.framework/Versions/A/Resources/libFontRegistry.dylib
0x0000000008aaa000 	/System/Library/PrivateFrameworks/AppleVPA.framework/Versions/A/AppleVPA
0x0000000008aaa000 	/System/Library/PrivateFrameworks/AppleJPEG.framework/Versions/A/AppleJPEG
0x0000000008aaa000 	/System/Library/Frameworks/ImageIO.framework/Versions/A/Resources/libJPEG.dylib
0x0000000008aaa000 	/System/Library/Frameworks/ImageIO.framework/Versions/A/Resources/libTIFF.dylib
0x0000000008aaa000 	/System/Library/Frameworks/ImageIO.framework/Versions/A/Resources/libPng.dylib
0x0000000008aaa000 	/System/Library/Frameworks/ImageIO.framework/Versions/A/Resources/libGIF.dylib
0x0000000008aaa000 	/System/Library/Frameworks/ImageIO.framework/Versions/A/Resources/libJP2.dylib
0x0000000008aaa000 	/System/Library/Frameworks/ImageIO.framework/Versions/A/Resources/libRadiance.dylib
0x0000000008aaa000 	/System/Library/Frameworks/CoreVideo.framework/Versions/A/CoreVideo
0x0000000008aaa000 	/System/Library/Frameworks/OpenGL.framework/Versions/A/Libraries/libGLU.dylib
0x0000000008aaa000 	/System/Library/Frameworks/OpenGL.framework/Versions/A/Libraries/libGFXShared.dylib
0x0000000008aaa000 	/System/Library/Frameworks/OpenGL.framework/Versions/A/Libraries/libGL.dylib
0x0000000008aaa000 	/System/Library/Frameworks/OpenGL.framework/Versions/A/Libraries/libGLImage.dylib
0x0000000008aaa000 	/System/Library/Frameworks/OpenGL.framework/Versions/A/Libraries/libCVMSPluginSupport.dylib
0x0000000008aaa000 	/System/Library/Frameworks/OpenGL.framework/Versions/A/Libraries/libCoreVMClient.dylib
0x0000000008aaa000 	/usr/lib/libcompression.dylib
0x0000000008aaa000 	/usr/lib/libcups.2.dylib
0x0000000008aaa000 	/System/Library/Frameworks/Kerberos.framework/Versions/A/Kerberos
0x0000000008aaa000 	/System/Library/Frameworks/GSS.framework/Versions/A/GSS
0x0000000008aaa000 	/usr/lib/libresolv.9.dylib
0x0000000008aaa000 	/usr/lib/libiconv.2.dylib
0x0000000008aaa000 	/System/Library/PrivateFrameworks/Heimdal.framework/Versions/A/Heimdal
0x0000000008aaa000 	/usr/lib/libheimdal-asn1.dylib
0x0000000008aaa000 	/System/Library/Frameworks/OpenDirectory.framework/Versions/A/OpenDirectory
0x0000000008aaa000 	/System/Library/PrivateFrameworks/CommonAuth.framework/Versions/A/CommonAuth
0x0000000008aaa000 	/System/Library/Frameworks/OpenDirectory.framework/Versions/A/Frameworks/CFOpenDirectory.framework/Versions/A/CFOpenDirectory
0x0000000008aaa000 	/System/Library/Frameworks/SecurityFoundation.framework/Versions/A/SecurityFoundation
0x0000000008aaa000 	/System/Library/PrivateFrameworks/LanguageModeling.framework/Versions/A/LanguageModeling
0x0000000008aaa000 	/usr/lib/libmarisa.dylib
0x0000000008aaa000 	/usr/lib/libChineseTokenizer.dylib
0x0000000008aaa000 	/usr/lib/libcmph.dylib
0x0000000008aaa000 	/System/Library/Frameworks/ServiceManagement.framework/Versions/A/ServiceManagement
0x0000000008aaa000 	/usr/lib/libxslt.1.dylib
0x0000000008aaa000 	/System/Library/Frameworks/Carbon.framework/Versions/A/Frameworks/Ink.framework/Versions/A/Ink
0x0000000008aaa000 	/usr/lib/libFosl_dynamic.dylib
0x0000000008aaa000 	/System/Library/PrivateFrameworks/FaceCore.framework/Versions/A/FaceCore
0x0000000008aaa000 	/System/Library/Frameworks/OpenCL.framework/Versions/A/OpenCL
0x0000000008aaa000 	/System/Library/PrivateFrameworks/CrashReporterSupport.framework/Versions/A/CrashReporterSupport
0x0000000008aaa000 	/System/Library/PrivateFrameworks/IconServices.framework/Versions/A/IconServices
0x0000000008aaa000 	/System/Library/PrivateFrameworks/Apple80211.framework/Versions/A/Apple80211
0x0000000008aaa000 	/System/Library/Frameworks/CoreWLAN.framework/Versions/A/CoreWLAN
0x0000000008aaa000 	/System/Library/Frameworks/IOBluetooth.framework/Versions/A/IOBluetooth
0x0000000008aaa000 	/System/Library/PrivateFrameworks/CoreWiFi.framework/Versions/A/CoreWiFi
0x0000000008aaa000 	/System/Library/Frameworks/CoreBluetooth.framework/Versions/A/CoreBluetooth
0x0000000008aaa000 	/System/Library/PrivateFrameworks/ChunkingLibrary.framework/Versions/A/ChunkingLibrary
0x0000000008aaa000 	/System/Library/PrivateFrameworks/DebugSymbols.framework/Versions/A/DebugSymbols
0x0000000008aaa000 	/System/Library/PrivateFrameworks/CoreSymbolication.framework/Versions/A/CoreSymbolication
0x0000000008aaa000 	/System/Library/PrivateFrameworks/Symbolication.framework/Versions/A/Symbolication
0x0000000008aaa000 	/System/Library/PrivateFrameworks/SpeechRecognitionCore.framework/Versions/A/SpeechRecognitionCore
0x0000000106200000 	/Library/Java/JavaVirtualMachines/jdk1.8.0_25.jdk/Contents/Home/jre/lib/server/libjvm.dylib
0x0000000008aaa000 	/usr/lib/libstdc++.6.dylib
0x0000000105971000 	/Library/Java/JavaVirtualMachines/jdk1.8.0_25.jdk/Contents/Home/jre/lib/libverify.dylib
0x000000010597f000 	/Library/Java/JavaVirtualMachines/jdk1.8.0_25.jdk/Contents/Home/jre/lib/libjava.dylib
0x00000001059b3000 	/Library/Java/JavaVirtualMachines/jdk1.8.0_25.jdk/Contents/Home/jre/lib/libjdwp.dylib
0x000000010711c000 	/Library/Java/JavaVirtualMachines/jdk1.8.0_25.jdk/Contents/Home/jre/lib/libnpt.dylib
0x0000000107128000 	/Library/Java/JavaVirtualMachines/jdk1.8.0_25.jdk/Contents/Home/jre/lib/libzip.dylib
0x000000011ca90000 	/System/Library/Frameworks/JavaVM.framework/Frameworks/JavaRuntimeSupport.framework/JavaRuntimeSupport
0x000000011caab000 	/System/Library/Frameworks/JavaVM.framework/Versions/A/Frameworks/JavaNativeFoundation.framework/Versions/A/JavaNativeFoundation
0x000000011cac0000 	/System/Library/Frameworks/JavaVM.framework/Versions/A/JavaVM
0x0000000008aaa000 	/System/Library/Frameworks/Carbon.framework/Versions/A/Carbon
0x000000011cacd000 	/System/Library/PrivateFrameworks/JavaLaunching.framework/Versions/A/JavaLaunching
0x0000000008aaa000 	/System/Library/Frameworks/Carbon.framework/Versions/A/Frameworks/CommonPanels.framework/Versions/A/CommonPanels
0x0000000008aaa000 	/System/Library/Frameworks/Carbon.framework/Versions/A/Frameworks/Help.framework/Versions/A/Help
0x0000000008aaa000 	/System/Library/Frameworks/Carbon.framework/Versions/A/Frameworks/ImageCapture.framework/Versions/A/ImageCapture
0x0000000008aaa000 	/System/Library/Frameworks/Carbon.framework/Versions/A/Frameworks/OpenScripting.framework/Versions/A/OpenScripting
0x0000000008aaa000 	/System/Library/Frameworks/Carbon.framework/Versions/A/Frameworks/Print.framework/Versions/A/Print
0x0000000008aaa000 	/System/Library/Frameworks/Carbon.framework/Versions/A/Frameworks/SecurityHI.framework/Versions/A/SecurityHI
0x000000011cadb000 	/Library/Java/JavaVirtualMachines/jdk1.8.0_25.jdk/Contents/Home/jre/lib/libdt_socket.dylib

VM Arguments:
jvm_args: -agentlib:jdwp=transport=dt_socket,address=127.0.0.1:50816,suspend=y,server=n -Dfile.encoding=UTF-8 
java_command: com.company.Main
java_class_path (initial): /Library/Java/JavaVirtualMachines/jdk1.8.0_25.jdk/Contents/Home/jre/lib/charsets.jar:/Library/Java/JavaVirtualMachines/jdk1.8.0_25.jdk/Contents/Home/jre/lib/deploy.jar:/Library/Java/JavaVirtualMachines/jdk1.8.0_25.jdk/Contents/Home/jre/lib/ext/cldrdata.jar:/Library/Java/JavaVirtualMachines/jdk1.8.0_25.jdk/Contents/Home/jre/lib/ext/dnsns.jar:/Library/Java/JavaVirtualMachines/jdk1.8.0_25.jdk/Contents/Home/jre/lib/ext/jfxrt.jar:/Library/Java/JavaVirtualMachines/jdk1.8.0_25.jdk/Contents/Home/jre/lib/ext/localedata.jar:/Library/Java/JavaVirtualMachines/jdk1.8.0_25.jdk/Contents/Home/jre/lib/ext/nashorn.jar:/Library/Java/JavaVirtualMachines/jdk1.8.0_25.jdk/Contents/Home/jre/lib/ext/sunec.jar:/Library/Java/JavaVirtualMachines/jdk1.8.0_25.jdk/Contents/Home/jre/lib/ext/sunjce_provider.jar:/Library/Java/JavaVirtualMachines/jdk1.8.0_25.jdk/Contents/Home/jre/lib/ext/sunpkcs11.jar:/Library/Java/JavaVirtualMachines/jdk1.8.0_25.jdk/Contents/Home/jre/lib/ext/zipfs.jar:/Library/Java/JavaVirtualMachines/jdk1.8.0_25.jdk/Contents/Home/jre/lib/javaws.jar:/Library/Java/JavaVirtualMachines/jdk1.8.0_25.jdk/Contents/Home/jre/lib/jce.jar:/Library/Java/JavaVirtualMachines/jdk1.8.0_25.jdk/Contents/Home/jre/lib/jfr.jar:/Library/Java/JavaVirtualMachines/jdk1.8.0_25.jdk/Contents/Home/jre/lib/jfxswt.jar:/Library/Java/JavaVirtualMachines/jdk1.8.0_25.jdk/Contents/Home/jre/lib/jsse.jar:/Library/Java/JavaVirtualMachines/jdk1.8.0_25.jdk/Contents/Home/jre/lib/management-agent.jar:/Library/Java/JavaVirtualMachines/jdk1.8.0_25.jdk/Contents/Home/jre/lib/plugin.jar:/Library/Java/JavaVirtualMachines/jdk1.8.0_25.jdk/Contents/Home/jre/lib/resources.jar:/Library/Java/JavaVirtualMachines/jdk1.8.0_25.jdk/Contents/Home/jre/lib/rt.jar:/Library/Java/JavaVirtualMachines/jdk1.8.0_25.jdk/Contents/Home/lib/ant-javafx.jar:/Library/Java/JavaVirtualMachines/jdk1.8.0_25.jdk/Contents/Home/lib/dt.jar:/Library/Java/JavaVirtualMachines/jdk1.8.0_25.jdk/Contents/Home/lib/javafx-mx.jar:/Library/Java/Jav
Launcher Type: SUN_STANDARD

Environment Variables:
PATH=/Library/Frameworks/Python.framework/Versions/3.5/bin:/usr/local/gradle/gradle-2.13/bin:/usr/local/bin:/usr/bin:/bin:/usr/sbin:/sbin:/usr/local/git/bin:/usr/local/go/bin:~/dev/android-sdk-macosx/build-tools/21.0.0:~/dev/android-sdk-macosx/platform-tools:/Users/MunkyuShin/Workspace/golang/bin
SHELL=/bin/bash

Signal Handlers:
SIGSEGV: [libjvm.dylib+0x579dc7], sa_mask[0]=11111111011111110111111111111111, sa_flags=SA_ONSTACK|SA_RESTART|SA_SIGINFO
SIGBUS: [libjvm.dylib+0x579dc7], sa_mask[0]=11111111011111110111111111111111, sa_flags=SA_RESTART|SA_SIGINFO
SIGFPE: [libjvm.dylib+0x45b030], sa_mask[0]=11111111011111110111111111111111, sa_flags=SA_RESTART|SA_SIGINFO
SIGPIPE: [libjvm.dylib+0x45b030], sa_mask[0]=11111111011111110111111111111111, sa_flags=SA_RESTART|SA_SIGINFO
SIGXFSZ: [libjvm.dylib+0x45b030], sa_mask[0]=11111111011111110111111111111111, sa_flags=SA_RESTART|SA_SIGINFO
SIGILL: [libjvm.dylib+0x45b030], sa_mask[0]=11111111011111110111111111111111, sa_flags=SA_RESTART|SA_SIGINFO
SIGUSR1: SIG_DFL, sa_mask[0]=00000000000000000000000000000000, sa_flags=none
SIGUSR2: [libjvm.dylib+0x45ab4e], sa_mask[0]=00100000000000000000000000000000, sa_flags=SA_RESTART|SA_SIGINFO
SIGHUP: [libjvm.dylib+0x459121], sa_mask[0]=11111111011111110111111111111111, sa_flags=SA_RESTART|SA_SIGINFO
SIGINT: [libjvm.dylib+0x459121], sa_mask[0]=11111111011111110111111111111111, sa_flags=SA_RESTART|SA_SIGINFO
SIGTERM: [libjvm.dylib+0x459121], sa_mask[0]=11111111011111110111111111111111, sa_flags=SA_RESTART|SA_SIGINFO
SIGQUIT: [libjvm.dylib+0x459121], sa_mask[0]=11111111011111110111111111111111, sa_flags=SA_RESTART|SA_SIGINFO


---------------  S Y S T E M  ---------------

OS:Bsduname:Darwin 15.6.0 Darwin Kernel Version 15.6.0: Wed Nov  2 20:30:56 PDT 2016; root:xnu-3248.60.11.1.2~2/RELEASE_X86_64 x86_64
rlimit: STACK 8192k, CORE 0k, NPROC 709, NOFILE 10240, AS infinity
load average:4.41 5.31 6.04

CPU:total 4 (2 cores per cpu, 2 threads per core) family 6 model 69 stepping 1, cmov, cx8, fxsr, mmx, sse, sse2, sse3, ssse3, sse4.1, sse4.2, popcnt, avx, avx2, aes, clmul, erms, lzcnt, ht, tsc, tscinvbit, bmi1, bmi2

Memory: 4k page, physical 8388608k(21348k free)

/proc/meminfo:


vm_info: Java HotSpot(TM) 64-Bit Server VM (25.25-b02) for bsd-amd64 JRE (1.8.0_25-b17), built on Sep 17 2014 16:56:50 by "java_re" with gcc 4.2.1 (Based on Apple Inc. build 5658) (LLVM build 2336.11.00)

time: Mon Dec 26 17:53:46 2016
elapsed time: 27293 seconds (0d 7h 34m 53s)

